23 Aug 2024 - 20:43:10.228 [main] INFO  dasturlash.uz.Application - Starting Application using Java 21.0.2 with PID 11888 (D:\Code_uz\Hojiakbar\JDBC_Spring_Project\Spring_Project\Kun.uz\target\classes started by Hp victus in D:\Code_uz\Hojiakbar\JDBC_Spring_Project\Spring_Project\Kun.uz)
23 Aug 2024 - 20:43:10.247 [main] INFO  dasturlash.uz.Application - The following 1 profile is active: "dev"
23 Aug 2024 - 20:43:11.197 [main] INFO  o.s.d.r.c.RepositoryConfigurationDelegate - Bootstrapping Spring Data JPA repositories in DEFAULT mode.
23 Aug 2024 - 20:43:11.291 [main] INFO  o.s.d.r.c.RepositoryConfigurationDelegate - Finished Spring Data repository scanning in 86 ms. Found 13 JPA repository interfaces.
23 Aug 2024 - 20:43:11.821 [main] INFO  o.s.b.w.e.tomcat.TomcatWebServer - Tomcat initialized with port 8080 (http)
23 Aug 2024 - 20:43:11.834 [main] INFO  o.a.catalina.core.StandardService - Starting service [Tomcat]
23 Aug 2024 - 20:43:11.835 [main] INFO  o.a.catalina.core.StandardEngine - Starting Servlet engine: [Apache Tomcat/10.1.20]
23 Aug 2024 - 20:43:11.899 [main] INFO  o.a.c.c.C.[Tomcat].[localhost].[/] - Initializing Spring embedded WebApplicationContext
23 Aug 2024 - 20:43:11.900 [main] INFO  o.s.b.w.s.c.ServletWebServerApplicationContext - Root WebApplicationContext: initialization completed in 1613 ms
23 Aug 2024 - 20:43:12.046 [main] INFO  o.h.jpa.internal.util.LogHelper - HHH000204: Processing PersistenceUnitInfo [name: default]
23 Aug 2024 - 20:43:12.116 [main] INFO  org.hibernate.Version - HHH000412: Hibernate ORM core version 6.4.4.Final
23 Aug 2024 - 20:43:12.167 [main] INFO  o.h.c.i.RegionFactoryInitiator - HHH000026: Second-level cache disabled
23 Aug 2024 - 20:43:12.388 [main] INFO  o.s.o.j.p.SpringPersistenceUnitInfo - No LoadTimeWeaver setup: ignoring JPA class transformer
23 Aug 2024 - 20:43:12.413 [main] INFO  com.zaxxer.hikari.HikariDataSource - HikariPool-1 - Starting...
23 Aug 2024 - 20:43:12.604 [main] INFO  com.zaxxer.hikari.pool.HikariPool - HikariPool-1 - Added connection org.postgresql.jdbc.PgConnection@4ca0b9b1
23 Aug 2024 - 20:43:12.606 [main] INFO  com.zaxxer.hikari.HikariDataSource - HikariPool-1 - Start completed.
23 Aug 2024 - 20:43:13.890 [main] INFO  o.h.e.t.j.p.i.JtaPlatformInitiator - HHH000489: No JTA platform available (set 'hibernate.transaction.jta.platform' to enable JTA platform integration)
23 Aug 2024 - 20:43:14.163 [main] INFO  o.s.o.j.LocalContainerEntityManagerFactoryBean - Initialized JPA EntityManagerFactory for persistence unit 'default'
23 Aug 2024 - 20:43:14.379 [main] INFO  o.s.d.j.r.query.QueryEnhancerFactory - Hibernate is in classpath; If applicable, HQL parser will be used.
23 Aug 2024 - 20:43:15.467 [main] WARN  o.s.b.a.o.j.JpaBaseConfiguration$JpaWebConfiguration - spring.jpa.open-in-view is enabled by default. Therefore, database queries may be performed during view rendering. Explicitly configure spring.jpa.open-in-view to disable this warning
23 Aug 2024 - 20:43:15.824 [main] INFO  o.s.s.web.DefaultSecurityFilterChain - Will secure any request with [org.springframework.security.web.session.DisableEncodeUrlFilter@cd7871e, org.springframework.security.web.context.request.async.WebAsyncManagerIntegrationFilter@b14a2c, org.springframework.security.web.context.SecurityContextHolderFilter@378d38cd, org.springframework.security.web.header.HeaderWriterFilter@161a3085, org.springframework.security.web.authentication.logout.LogoutFilter@75f4c44c, dasturlash.uz.config.JwtTokenFilter@37672aa7, org.springframework.security.web.savedrequest.RequestCacheAwareFilter@3d5f6088, org.springframework.security.web.servletapi.SecurityContextHolderAwareRequestFilter@48f38142, org.springframework.security.web.authentication.AnonymousAuthenticationFilter@b7da2c4, org.springframework.security.web.access.ExceptionTranslationFilter@f06a39e, org.springframework.security.web.access.intercept.AuthorizationFilter@7e5e568e]
23 Aug 2024 - 20:43:16.204 [main] INFO  o.s.b.w.e.tomcat.TomcatWebServer - Tomcat started on port 8080 (http) with context path ''
23 Aug 2024 - 20:43:16.213 [main] INFO  dasturlash.uz.Application - Started Application in 6.365 seconds (process running for 7.818)
23 Aug 2024 - 20:43:16.276 [main] INFO  o.f.c.i.license.VersionPrinter - Flyway Community Edition 9.22.3 by Redgate
23 Aug 2024 - 20:43:16.276 [main] INFO  o.f.c.i.license.VersionPrinter - See release notes here: https://rd.gt/416ObMi
23 Aug 2024 - 20:43:16.276 [main] INFO  o.f.c.i.license.VersionPrinter - 
23 Aug 2024 - 20:43:16.289 [main] INFO  org.flywaydb.core.FlywayExecutor - Database: jdbc:postgresql://localhost:5432/kun.uz (PostgreSQL 14.11)
23 Aug 2024 - 20:43:16.324 [main] INFO  o.f.core.internal.command.DbValidate - Successfully validated 5 migrations (execution time 00:00.021s)
23 Aug 2024 - 20:43:16.334 [main] INFO  o.f.core.internal.command.DbMigrate - Current version of schema "public": 4
23 Aug 2024 - 20:43:16.338 [main] INFO  o.f.core.internal.command.DbMigrate - Schema "public" is up to date. No migration necessary.
23 Aug 2024 - 20:43:42.349 [http-nio-8080-exec-1] INFO  o.a.c.c.C.[Tomcat].[localhost].[/] - Initializing Spring DispatcherServlet 'dispatcherServlet'
23 Aug 2024 - 20:43:42.349 [http-nio-8080-exec-1] INFO  o.s.web.servlet.DispatcherServlet - Initializing Servlet 'dispatcherServlet'
23 Aug 2024 - 20:43:42.352 [http-nio-8080-exec-1] INFO  o.s.web.servlet.DispatcherServlet - Completed initialization in 3 ms
23 Aug 2024 - 20:43:58.109 [SpringApplicationShutdownHook] INFO  o.s.o.j.LocalContainerEntityManagerFactoryBean - Closing JPA EntityManagerFactory for persistence unit 'default'
23 Aug 2024 - 20:43:58.112 [SpringApplicationShutdownHook] INFO  com.zaxxer.hikari.HikariDataSource - HikariPool-1 - Shutdown initiated...
23 Aug 2024 - 20:43:58.117 [SpringApplicationShutdownHook] INFO  com.zaxxer.hikari.HikariDataSource - HikariPool-1 - Shutdown completed.
23 Aug 2024 - 20:44:28.771 [main] INFO  dasturlash.uz.Application - Starting Application using Java 21.0.2 with PID 10372 (D:\Code_uz\Hojiakbar\JDBC_Spring_Project\Spring_Project\Kun.uz\target\classes started by Hp victus in D:\Code_uz\Hojiakbar\JDBC_Spring_Project\Spring_Project\Kun.uz)
23 Aug 2024 - 20:44:28.781 [main] INFO  dasturlash.uz.Application - The following 1 profile is active: "dev"
23 Aug 2024 - 20:44:29.657 [main] INFO  o.s.d.r.c.RepositoryConfigurationDelegate - Bootstrapping Spring Data JPA repositories in DEFAULT mode.
23 Aug 2024 - 20:44:29.792 [main] INFO  o.s.d.r.c.RepositoryConfigurationDelegate - Finished Spring Data repository scanning in 124 ms. Found 13 JPA repository interfaces.
23 Aug 2024 - 20:44:30.357 [main] INFO  o.s.b.w.e.tomcat.TomcatWebServer - Tomcat initialized with port 8080 (http)
23 Aug 2024 - 20:44:30.375 [main] INFO  o.a.catalina.core.StandardService - Starting service [Tomcat]
23 Aug 2024 - 20:44:30.375 [main] INFO  o.a.catalina.core.StandardEngine - Starting Servlet engine: [Apache Tomcat/10.1.20]
23 Aug 2024 - 20:44:30.461 [main] INFO  o.a.c.c.C.[Tomcat].[localhost].[/] - Initializing Spring embedded WebApplicationContext
23 Aug 2024 - 20:44:30.461 [main] INFO  o.s.b.w.s.c.ServletWebServerApplicationContext - Root WebApplicationContext: initialization completed in 1644 ms
23 Aug 2024 - 20:44:30.612 [main] INFO  o.h.jpa.internal.util.LogHelper - HHH000204: Processing PersistenceUnitInfo [name: default]
23 Aug 2024 - 20:44:30.678 [main] INFO  org.hibernate.Version - HHH000412: Hibernate ORM core version 6.4.4.Final
23 Aug 2024 - 20:44:30.703 [main] INFO  o.h.c.i.RegionFactoryInitiator - HHH000026: Second-level cache disabled
23 Aug 2024 - 20:44:30.904 [main] INFO  o.s.o.j.p.SpringPersistenceUnitInfo - No LoadTimeWeaver setup: ignoring JPA class transformer
23 Aug 2024 - 20:44:30.928 [main] INFO  com.zaxxer.hikari.HikariDataSource - HikariPool-1 - Starting...
23 Aug 2024 - 20:44:31.065 [main] INFO  com.zaxxer.hikari.pool.HikariPool - HikariPool-1 - Added connection org.postgresql.jdbc.PgConnection@113d0f75
23 Aug 2024 - 20:44:31.067 [main] INFO  com.zaxxer.hikari.HikariDataSource - HikariPool-1 - Start completed.
23 Aug 2024 - 20:44:32.358 [main] INFO  o.h.e.t.j.p.i.JtaPlatformInitiator - HHH000489: No JTA platform available (set 'hibernate.transaction.jta.platform' to enable JTA platform integration)
23 Aug 2024 - 20:44:32.617 [main] INFO  o.s.o.j.LocalContainerEntityManagerFactoryBean - Initialized JPA EntityManagerFactory for persistence unit 'default'
23 Aug 2024 - 20:44:32.856 [main] INFO  o.s.d.j.r.query.QueryEnhancerFactory - Hibernate is in classpath; If applicable, HQL parser will be used.
23 Aug 2024 - 20:44:33.967 [main] WARN  o.s.b.a.o.j.JpaBaseConfiguration$JpaWebConfiguration - spring.jpa.open-in-view is enabled by default. Therefore, database queries may be performed during view rendering. Explicitly configure spring.jpa.open-in-view to disable this warning
23 Aug 2024 - 20:44:34.375 [main] INFO  o.s.s.web.DefaultSecurityFilterChain - Will secure any request with [org.springframework.security.web.session.DisableEncodeUrlFilter@2ee16a4e, org.springframework.security.web.context.request.async.WebAsyncManagerIntegrationFilter@541b89ec, org.springframework.security.web.context.SecurityContextHolderFilter@189d8bef, org.springframework.security.web.header.HeaderWriterFilter@40b0436e, org.springframework.security.web.authentication.logout.LogoutFilter@73ccc475, dasturlash.uz.config.JwtTokenFilter@43b41cb9, org.springframework.security.web.savedrequest.RequestCacheAwareFilter@4c12e25d, org.springframework.security.web.servletapi.SecurityContextHolderAwareRequestFilter@503a3c11, org.springframework.security.web.authentication.AnonymousAuthenticationFilter@698df5e8, org.springframework.security.web.access.ExceptionTranslationFilter@1e5259c0, org.springframework.security.web.access.intercept.AuthorizationFilter@7b303608]
23 Aug 2024 - 20:44:34.800 [main] INFO  o.s.b.w.e.tomcat.TomcatWebServer - Tomcat started on port 8080 (http) with context path ''
23 Aug 2024 - 20:44:34.815 [main] INFO  dasturlash.uz.Application - Started Application in 6.397 seconds (process running for 7.025)
23 Aug 2024 - 20:44:34.866 [main] INFO  o.f.c.i.license.VersionPrinter - Flyway Community Edition 9.22.3 by Redgate
23 Aug 2024 - 20:44:34.866 [main] INFO  o.f.c.i.license.VersionPrinter - See release notes here: https://rd.gt/416ObMi
23 Aug 2024 - 20:44:34.866 [main] INFO  o.f.c.i.license.VersionPrinter - 
23 Aug 2024 - 20:44:34.881 [main] INFO  org.flywaydb.core.FlywayExecutor - Database: jdbc:postgresql://localhost:5432/kun.uz (PostgreSQL 14.11)
23 Aug 2024 - 20:44:34.914 [main] INFO  o.f.core.internal.command.DbValidate - Successfully validated 5 migrations (execution time 00:00.020s)
23 Aug 2024 - 20:44:34.923 [main] INFO  o.f.core.internal.command.DbMigrate - Current version of schema "public": 4
23 Aug 2024 - 20:44:34.927 [main] INFO  o.f.core.internal.command.DbMigrate - Schema "public" is up to date. No migration necessary.
23 Aug 2024 - 20:45:38.913 [http-nio-8080-exec-1] INFO  o.a.c.c.C.[Tomcat].[localhost].[/] - Initializing Spring DispatcherServlet 'dispatcherServlet'
23 Aug 2024 - 20:45:38.913 [http-nio-8080-exec-1] INFO  o.s.web.servlet.DispatcherServlet - Initializing Servlet 'dispatcherServlet'
23 Aug 2024 - 20:45:38.915 [http-nio-8080-exec-1] INFO  o.s.web.servlet.DispatcherServlet - Completed initialization in 1 ms
23 Aug 2024 - 20:46:04.828 [SpringApplicationShutdownHook] INFO  o.s.o.j.LocalContainerEntityManagerFactoryBean - Closing JPA EntityManagerFactory for persistence unit 'default'
23 Aug 2024 - 20:46:04.831 [SpringApplicationShutdownHook] INFO  com.zaxxer.hikari.HikariDataSource - HikariPool-1 - Shutdown initiated...
23 Aug 2024 - 20:46:04.838 [SpringApplicationShutdownHook] INFO  com.zaxxer.hikari.HikariDataSource - HikariPool-1 - Shutdown completed.
